# JRE version: Java(TM) SE Runtime Environment (8.0_202-b08) (build 1.8.0_202-b08)
# Java VM: Java HotSpot(TM) 64-Bit Server VM (25.202-b08 mixed mode windows-amd64 compressed oops)
Heap:
 PSYoungGen      total 389120K, used 91333K [0x00000000e0000000, 0x00000000ff580000, 0x0000000100000000)
  eden space 273408K, 31% used [0x00000000e0000000,0x00000000e534b138,0x00000000f0b00000)
  from space 115712K, 5% used [0x00000000f0b00000,0x00000000f10e6590,0x00000000f7c00000)
  to   space 113152K, 0% used [0x00000000f8700000,0x00000000f8700000,0x00000000ff580000)
 ParOldGen       total 318976K, used 163187K [0x00000000a0000000, 0x00000000b3780000, 0x00000000e0000000)
  object space 318976K, 51% used [0x00000000a0000000,0x00000000a9f5cf28,0x00000000b3780000)
 Metaspace       used 98054K, capacity 103916K, committed 104064K, reserved 1140736K
  class space    used 12404K, capacity 13425K, committed 13440K, reserved 1048576K
GC Heap History (10 events):
Event: 12907.519 GC heap before
{Heap before GC invocations=86 (full 5):
 PSYoungGen      total 398336K, used 276192K [0x00000000e0000000, 0x0000000100000000, 0x0000000100000000)
  eden space 270336K, 100% used [0x00000000e0000000,0x00000000f0800000,0x00000000f0800000)
  from space 128000K, 4% used [0x00000000f8300000,0x00000000f88b8030,0x0000000100000000)
  to   space 125952K, 0% used [0x00000000f0800000,0x00000000f0800000,0x00000000f8300000)
 ParOldGen       total 318976K, used 163003K [0x00000000a0000000, 0x00000000b3780000, 0x00000000e0000000)
  object space 318976K, 51% used [0x00000000a0000000,0x00000000a9f2ef28,0x00000000b3780000)
 Metaspace       used 97170K, capacity 103106K, committed 103296K, reserved 1138688K
  class space    used 12319K, capacity 13350K, committed 13440K, reserved 1048576K
Event: 12907.576 GC heap after
Heap after GC invocations=86 (full 5):
 PSYoungGen      total 342528K, used 72154K [0x00000000e0000000, 0x0000000100000000, 0x0000000100000000)
  eden space 270336K, 0% used [0x00000000e0000000,0x00000000e0000000,0x00000000f0800000)
  from space 72192K, 99% used [0x00000000f0800000,0x00000000f4e768a0,0x00000000f4e80000)
  to   space 129536K, 0% used [0x00000000f8180000,0x00000000f8180000,0x0000000100000000)
 ParOldGen       total 318976K, used 163003K [0x00000000a0000000, 0x00000000b3780000, 0x00000000e0000000)
  object space 318976K, 51% used [0x00000000a0000000,0x00000000a9f2ef28,0x00000000b3780000)
 Metaspace       used 97170K, capacity 103106K, committed 103296K, reserved 1138688K
  class space    used 12319K, capacity 13350K, committed 13440K, reserved 1048576K
}
Event: 13000.211 GC heap before
{Heap before GC invocations=87 (full 5):
 PSYoungGen      total 342528K, used 342490K [0x00000000e0000000, 0x0000000100000000, 0x0000000100000000)
  eden space 270336K, 100% used [0x00000000e0000000,0x00000000f0800000,0x00000000f0800000)
  from space 72192K, 99% used [0x00000000f0800000,0x00000000f4e768a0,0x00000000f4e80000)
  to   space 129536K, 0% used [0x00000000f8180000,0x00000000f8180000,0x0000000100000000)
 ParOldGen       total 318976K, used 163003K [0x00000000a0000000, 0x00000000b3780000, 0x00000000e0000000)
  object space 318976K, 51% used [0x00000000a0000000,0x00000000a9f2ef28,0x00000000b3780000)
 Metaspace       used 97206K, capacity 103106K, committed 103296K, reserved 1138688K
  class space    used 12319K, capacity 13350K, committed 13440K, reserved 1048576K
Event: 13000.216 GC heap after
Heap after GC invocations=87 (full 5):
 PSYoungGen      total 397312K, used 4832K [0x00000000e0000000, 0x0000000100000000, 0x0000000100000000)
  eden space 267776K, 0% used [0x00000000e0000000,0x00000000e0000000,0x00000000f0580000)
  from space 129536K, 3% used [0x00000000f8180000,0x00000000f8638030,0x0000000100000000)
  to   space 126976K, 0% used [0x00000000f0580000,0x00000000f0580000,0x00000000f8180000)
 ParOldGen       total 318976K, used 163171K [0x00000000a0000000, 0x00000000b3780000, 0x00000000e0000000)
  object space 318976K, 51% used [0x00000000a0000000,0x00000000a9f58f28,0x00000000b3780000)
 Metaspace       used 97206K, capacity 103106K, committed 103296K, reserved 1138688K
  class space    used 12319K, capacity 13350K, committed 13440K, reserved 1048576K
}
Event: 13001.690 GC heap before
{Heap before GC invocations=88 (full 5):
 PSYoungGen      total 397312K, used 272608K [0x00000000e0000000, 0x0000000100000000, 0x0000000100000000)
  eden space 267776K, 100% used [0x00000000e0000000,0x00000000f0580000,0x00000000f0580000)
  from space 129536K, 3% used [0x00000000f8180000,0x00000000f8638030,0x0000000100000000)
  to   space 126976K, 0% used [0x00000000f0580000,0x00000000f0580000,0x00000000f8180000)
 ParOldGen       total 318976K, used 163171K [0x00000000a0000000, 0x00000000b3780000, 0x00000000e0000000)
  object space 318976K, 51% used [0x00000000a0000000,0x00000000a9f58f28,0x00000000b3780000)
 Metaspace       used 97222K, capacity 103106K, committed 103296K, reserved 1138688K
  class space    used 12319K, capacity 13350K, committed 13440K, reserved 1048576K
Event: 13001.724 GC heap after
Heap after GC invocations=88 (full 5):
 PSYoungGen      total 315392K, used 47136K [0x00000000e0000000, 0x00000000ff280000, 0x0000000100000000)
  eden space 267776K, 0% used [0x00000000e0000000,0x00000000e0000000,0x00000000f0580000)
  from space 47616K, 98% used [0x00000000f0580000,0x00000000f3388138,0x00000000f3400000)
  to   space 121344K, 0% used [0x00000000f7c00000,0x00000000f7c00000,0x00000000ff280000)
 ParOldGen       total 318976K, used 163171K [0x00000000a0000000, 0x00000000b3780000, 0x00000000e0000000)
  object space 318976K, 51% used [0x00000000a0000000,0x00000000a9f58f28,0x00000000b3780000)
 Metaspace       used 97222K, capacity 103106K, committed 103296K, reserved 1138688K
  class space    used 12319K, capacity 13350K, committed 13440K, reserved 1048576K
}
Event: 13003.359 GC heap before
{Heap before GC invocations=89 (full 5):
 PSYoungGen      total 315392K, used 314912K [0x00000000e0000000, 0x00000000ff280000, 0x0000000100000000)
  eden space 267776K, 100% used [0x00000000e0000000,0x00000000f0580000,0x00000000f0580000)
  from space 47616K, 98% used [0x00000000f0580000,0x00000000f3388138,0x00000000f3400000)
  to   space 121344K, 0% used [0x00000000f7c00000,0x00000000f7c00000,0x00000000ff280000)
 ParOldGen       total 318976K, used 163171K [0x00000000a0000000, 0x00000000b3780000, 0x00000000e0000000)
  object space 318976K, 51% used [0x00000000a0000000,0x00000000a9f58f28,0x00000000b3780000)
 Metaspace       used 97225K, capacity 103106K, committed 103296K, reserved 1138688K
  class space    used 12319K, capacity 13350K, committed 13440K, reserved 1048576K
Event: 13003.369 GC heap after
Heap after GC invocations=89 (full 5):
 PSYoungGen      total 394752K, used 24002K [0x00000000e0000000, 0x00000000ffe00000, 0x0000000100000000)
  eden space 273408K, 0% used [0x00000000e0000000,0x00000000e0000000,0x00000000f0b00000)
  from space 121344K, 19% used [0x00000000f7c00000,0x00000000f93708d8,0x00000000ff280000)
  to   space 115712K, 0% used [0x00000000f0b00000,0x00000000f0b00000,0x00000000f7c00000)
 ParOldGen       total 318976K, used 163179K [0x00000000a0000000, 0x00000000b3780000, 0x00000000e0000000)
  object space 318976K, 51% used [0x00000000a0000000,0x00000000a9f5af28,0x00000000b3780000)
 Metaspace       used 97225K, capacity 103106K, committed 103296K, reserved 1138688K
  class space    used 12319K, capacity 13350K, committed 13440K, reserved 1048576K
}
Event: 13233.769 GC heap before
{Heap before GC invocations=90 (full 5):
 PSYoungGen      total 394752K, used 297410K [0x00000000e0000000, 0x00000000ffe00000, 0x0000000100000000)
  eden space 273408K, 100% used [0x00000000e0000000,0x00000000f0b00000,0x00000000f0b00000)
  from space 121344K, 19% used [0x00000000f7c00000,0x00000000f93708d8,0x00000000ff280000)
  to   space 115712K, 0% used [0x00000000f0b00000,0x00000000f0b00000,0x00000000f7c00000)
 ParOldGen       total 318976K, used 163179K [0x00000000a0000000, 0x00000000b3780000, 0x00000000e0000000)
  object space 318976K, 51% used [0x00000000a0000000,0x00000000a9f5af28,0x00000000b3780000)
 Metaspace       used 98044K, capacity 103916K, committed 104064K, reserved 1140736K
  class space    used 12404K, capacity 13425K, committed 13440K, reserved 1048576K
Event: 13233.782 GC heap after
Heap after GC invocations=90 (full 5):
 PSYoungGen      total 389120K, used 6041K [0x00000000e0000000, 0x00000000ff580000, 0x0000000100000000)
  eden space 273408K, 0% used [0x00000000e0000000,0x00000000e0000000,0x00000000f0b00000)
  from space 115712K, 5% used [0x00000000f0b00000,0x00000000f10e6590,0x00000000f7c00000)
  to   space 113152K, 0% used [0x00000000f8700000,0x00000000f8700000,0x00000000ff580000)
 ParOldGen       total 318976K, used 163187K [0x00000000a0000000, 0x00000000b3780000, 0x00000000e0000000)
  object space 318976K, 51% used [0x00000000a0000000,0x00000000a9f5cf28,0x00000000b3780000)
 Metaspace       used 98044K, capacity 103916K, committed 104064K, reserved 1140736K
  class space    used 12404K, capacity 13425K, committed 13440K, reserved 1048576K
}

