# JRE version: Java(TM) SE Runtime Environment (8.0_202-b08) (build 1.8.0_202-b08)
# Java VM: Java HotSpot(TM) 64-Bit Server VM (25.202-b08 mixed mode windows-amd64 compressed oops)
Heap:
 PSYoungGen      total 296448K, used 83306K [0x00000000e0000000, 0x00000000f7280000, 0x0000000100000000)
  eden space 235520K, 16% used [0x00000000e0000000,0x00000000e2661538,0x00000000ee600000)
  from space 60928K, 72% used [0x00000000ee600000,0x00000000f10f95c0,0x00000000f2180000)
  to   space 65024K, 0% used [0x00000000f3300000,0x00000000f3300000,0x00000000f7280000)
 ParOldGen       total 134144K, used 86817K [0x00000000a0000000, 0x00000000a8300000, 0x00000000e0000000)
  object space 134144K, 64% used [0x00000000a0000000,0x00000000a54c8408,0x00000000a8300000)
 Metaspace       used 105372K, capacity 111928K, committed 112256K, reserved 1146880K
  class space    used 13532K, capacity 14631K, committed 14720K, reserved 1048576K
GC Heap History (10 events):
Event: 2649.143 GC heap before
{Heap before GC invocations=35 (full 4):
 PSYoungGen      total 272384K, used 258642K [0x00000000e0000000, 0x00000000f6300000, 0x0000000100000000)
  eden space 206336K, 100% used [0x00000000e0000000,0x00000000ec980000,0x00000000ec980000)
  from space 66048K, 79% used [0x00000000f1080000,0x00000000f4394a10,0x00000000f5100000)
  to   space 72704K, 0% used [0x00000000ec980000,0x00000000ec980000,0x00000000f1080000)
 ParOldGen       total 134144K, used 86769K [0x00000000a0000000, 0x00000000a8300000, 0x00000000e0000000)
  object space 134144K, 64% used [0x00000000a0000000,0x00000000a54bc408,0x00000000a8300000)
 Metaspace       used 92808K, capacity 96928K, committed 97024K, reserved 1134592K
  class space    used 11959K, capacity 12727K, committed 12800K, reserved 1048576K
Event: 2649.157 GC heap after
Heap after GC invocations=35 (full 4):
 PSYoungGen      total 279040K, used 6462K [0x00000000e0000000, 0x00000000f6a00000, 0x0000000100000000)
  eden space 206336K, 0% used [0x00000000e0000000,0x00000000e0000000,0x00000000ec980000)
  from space 72704K, 8% used [0x00000000ec980000,0x00000000ecfcf990,0x00000000f1080000)
  to   space 71168K, 0% used [0x00000000f2480000,0x00000000f2480000,0x00000000f6a00000)
 ParOldGen       total 134144K, used 86777K [0x00000000a0000000, 0x00000000a8300000, 0x00000000e0000000)
  object space 134144K, 64% used [0x00000000a0000000,0x00000000a54be408,0x00000000a8300000)
 Metaspace       used 92808K, capacity 96928K, committed 97024K, reserved 1134592K
  class space    used 11959K, capacity 12727K, committed 12800K, reserved 1048576K
}
Event: 4364.822 GC heap before
{Heap before GC invocations=36 (full 4):
 PSYoungGen      total 279040K, used 212798K [0x00000000e0000000, 0x00000000f6a00000, 0x0000000100000000)
  eden space 206336K, 100% used [0x00000000e0000000,0x00000000ec980000,0x00000000ec980000)
  from space 72704K, 8% used [0x00000000ec980000,0x00000000ecfcf990,0x00000000f1080000)
  to   space 71168K, 0% used [0x00000000f2480000,0x00000000f2480000,0x00000000f6a00000)
 ParOldGen       total 134144K, used 86777K [0x00000000a0000000, 0x00000000a8300000, 0x00000000e0000000)
  object space 134144K, 64% used [0x00000000a0000000,0x00000000a54be408,0x00000000a8300000)
 Metaspace       used 97876K, capacity 102636K, committed 102912K, reserved 1138688K
  class space    used 12603K, capacity 13495K, committed 13568K, reserved 1048576K
Event: 4364.879 GC heap after
Heap after GC invocations=36 (full 4):
 PSYoungGen      total 286208K, used 16025K [0x00000000e0000000, 0x00000000f6080000, 0x0000000100000000)
  eden space 224768K, 0% used [0x00000000e0000000,0x00000000e0000000,0x00000000edb80000)
  from space 61440K, 26% used [0x00000000f2480000,0x00000000f3426658,0x00000000f6080000)
  to   space 68096K, 0% used [0x00000000edb80000,0x00000000edb80000,0x00000000f1e00000)
 ParOldGen       total 134144K, used 86785K [0x00000000a0000000, 0x00000000a8300000, 0x00000000e0000000)
  object space 134144K, 64% used [0x00000000a0000000,0x00000000a54c0408,0x00000000a8300000)
 Metaspace       used 97876K, capacity 102636K, committed 102912K, reserved 1138688K
  class space    used 12603K, capacity 13495K, committed 13568K, reserved 1048576K
}
Event: 5436.592 GC heap before
{Heap before GC invocations=37 (full 4):
 PSYoungGen      total 286208K, used 240793K [0x00000000e0000000, 0x00000000f6080000, 0x0000000100000000)
  eden space 224768K, 100% used [0x00000000e0000000,0x00000000edb80000,0x00000000edb80000)
  from space 61440K, 26% used [0x00000000f2480000,0x00000000f3426658,0x00000000f6080000)
  to   space 68096K, 0% used [0x00000000edb80000,0x00000000edb80000,0x00000000f1e00000)
 ParOldGen       total 134144K, used 86785K [0x00000000a0000000, 0x00000000a8300000, 0x00000000e0000000)
  object space 134144K, 64% used [0x00000000a0000000,0x00000000a54c0408,0x00000000a8300000)
 Metaspace       used 102774K, capacity 108070K, committed 108160K, reserved 1142784K
  class space    used 13207K, capacity 14171K, committed 14208K, reserved 1048576K
Event: 5436.638 GC heap after
Heap after GC invocations=37 (full 4):
 PSYoungGen      total 292864K, used 20932K [0x00000000e0000000, 0x00000000f6580000, 0x0000000100000000)
  eden space 224768K, 0% used [0x00000000e0000000,0x00000000e0000000,0x00000000edb80000)
  from space 68096K, 30% used [0x00000000edb80000,0x00000000eeff1120,0x00000000f1e00000)
  to   space 64000K, 0% used [0x00000000f2700000,0x00000000f2700000,0x00000000f6580000)
 ParOldGen       total 134144K, used 86801K [0x00000000a0000000, 0x00000000a8300000, 0x00000000e0000000)
  object space 134144K, 64% used [0x00000000a0000000,0x00000000a54c4408,0x00000000a8300000)
 Metaspace       used 102774K, capacity 108070K, committed 108160K, reserved 1142784K
  class space    used 13207K, capacity 14171K, committed 14208K, reserved 1048576K
}
Event: 6296.102 GC heap before
{Heap before GC invocations=38 (full 4):
 PSYoungGen      total 292864K, used 245700K [0x00000000e0000000, 0x00000000f6580000, 0x0000000100000000)
  eden space 224768K, 100% used [0x00000000e0000000,0x00000000edb80000,0x00000000edb80000)
  from space 68096K, 30% used [0x00000000edb80000,0x00000000eeff1120,0x00000000f1e00000)
  to   space 64000K, 0% used [0x00000000f2700000,0x00000000f2700000,0x00000000f6580000)
 ParOldGen       total 134144K, used 86801K [0x00000000a0000000, 0x00000000a8300000, 0x00000000e0000000)
  object space 134144K, 64% used [0x00000000a0000000,0x00000000a54c4408,0x00000000a8300000)
 Metaspace       used 104238K, capacity 110830K, committed 111104K, reserved 1146880K
  class space    used 13429K, capacity 14566K, committed 14592K, reserved 1048576K
Event: 6296.138 GC heap after
Heap after GC invocations=38 (full 4):
 PSYoungGen      total 290816K, used 26493K [0x00000000e0000000, 0x00000000f5d00000, 0x0000000100000000)
  eden space 235520K, 0% used [0x00000000e0000000,0x00000000e0000000,0x00000000ee600000)
  from space 55296K, 47% used [0x00000000f2700000,0x00000000f40df418,0x00000000f5d00000)
  to   space 60928K, 0% used [0x00000000ee600000,0x00000000ee600000,0x00000000f2180000)
 ParOldGen       total 134144K, used 86809K [0x00000000a0000000, 0x00000000a8300000, 0x00000000e0000000)
  object space 134144K, 64% used [0x00000000a0000000,0x00000000a54c6408,0x00000000a8300000)
 Metaspace       used 104238K, capacity 110830K, committed 111104K, reserved 1146880K
  class space    used 13429K, capacity 14566K, committed 14592K, reserved 1048576K
}
Event: 6300.872 GC heap before
{Heap before GC invocations=39 (full 4):
 PSYoungGen      total 290816K, used 262013K [0x00000000e0000000, 0x00000000f5d00000, 0x0000000100000000)
  eden space 235520K, 100% used [0x00000000e0000000,0x00000000ee600000,0x00000000ee600000)
  from space 55296K, 47% used [0x00000000f2700000,0x00000000f40df418,0x00000000f5d00000)
  to   space 60928K, 0% used [0x00000000ee600000,0x00000000ee600000,0x00000000f2180000)
 ParOldGen       total 134144K, used 86809K [0x00000000a0000000, 0x00000000a8300000, 0x00000000e0000000)
  object space 134144K, 64% used [0x00000000a0000000,0x00000000a54c6408,0x00000000a8300000)
 Metaspace       used 104838K, capacity 111416K, committed 111616K, reserved 1146880K
  class space    used 13476K, capacity 14567K, committed 14592K, reserved 1048576K
Event: 6300.928 GC heap after
Heap after GC invocations=39 (full 4):
 PSYoungGen      total 296448K, used 44005K [0x00000000e0000000, 0x00000000f7280000, 0x0000000100000000)
  eden space 235520K, 0% used [0x00000000e0000000,0x00000000e0000000,0x00000000ee600000)
  from space 60928K, 72% used [0x00000000ee600000,0x00000000f10f95c0,0x00000000f2180000)
  to   space 65024K, 0% used [0x00000000f3300000,0x00000000f3300000,0x00000000f7280000)
 ParOldGen       total 134144K, used 86817K [0x00000000a0000000, 0x00000000a8300000, 0x00000000e0000000)
  object space 134144K, 64% used [0x00000000a0000000,0x00000000a54c8408,0x00000000a8300000)
 Metaspace       used 104838K, capacity 111416K, committed 111616K, reserved 1146880K
  class space    used 13476K, capacity 14567K, committed 14592K, reserved 1048576K
}

